<?xml version="1.0" encoding="UTF-8"?>
<!-- Generated by org.testng.reporters.JUnitReportReporter -->
<testsuite hostname="DESKTOP-SUDRV7M" failures="0" tests="1" name="almosafer.AlmosaferNum3" time="0.536" errors="0" timestamp="2024-01-02T16:28:46 EET" skipped="0">
  <testcase classname="almosafer.AlmosaferNum3" name="MyTest" time="0.536"/>
  <system-out/>
</testsuite> <!-- almosafer.AlmosaferNum3 -->
