<?xml version="1.0" encoding="UTF-8"?>
<!-- Generated by org.testng.reporters.JUnitReportReporter -->
<testsuite hostname="DESKTOP-SUDRV7M" failures="0" tests="1" name="almosafer.AlmosaferNum4" time="1.327" errors="0" timestamp="2024-01-02T16:43:36 EET" skipped="0">
  <testcase classname="almosafer.AlmosaferNum4" name="MyTest" time="1.327"/>
  <system-out/>
</testsuite> <!-- almosafer.AlmosaferNum4 -->
