<?xml version="1.0" encoding="UTF-8"?>
<!-- Generated by org.testng.reporters.JUnitReportReporter -->
<testsuite hostname="DESKTOP-SUDRV7M" failures="0" tests="1" name="almosafer.AlmosaferNum2" time="0.396" errors="0" timestamp="2024-01-02T16:27:59 EET" skipped="0">
  <testcase classname="almosafer.AlmosaferNum2" name="MyTest" time="0.396"/>
  <system-out/>
</testsuite> <!-- almosafer.AlmosaferNum2 -->
