<?xml version="1.0" encoding="UTF-8"?>
<!-- Generated by org.testng.reporters.JUnitReportReporter -->
<testsuite hostname="DESKTOP-SUDRV7M" failures="0" tests="1" name="almosafer.AlmosaferNum1" time="0.119" errors="0" timestamp="2024-01-02T16:26:31 EET" skipped="0">
  <testcase classname="almosafer.AlmosaferNum1" name="MyTest" time="0.119"/>
  <system-out/>
</testsuite> <!-- almosafer.AlmosaferNum1 -->
